
2020-08-25 10:12:47,827 -  INFO -  retrieving and replying to tweets...
2020-08-25 10:12:59,176 -  INFO -  retrieving and replying to tweets...
2020-08-25 10:13:09,760 -  INFO -  retrieving and replying to tweets...
2020-08-25 10:13:20,482 -  INFO -  retrieving and replying to tweets...
2020-08-25 10:13:31,169 -  INFO -  retrieving and replying to tweets...
2020-08-25 10:13:41,956 -  INFO -  retrieving and replying to tweets...
2020-08-25 10:13:53,549 -  INFO -  retrieving and replying to tweets...
2020-08-25 10:14:04,312 -  INFO -  retrieving and replying to tweets...
2020-08-25 10:14:15,161 -  INFO -  retrieving and replying to tweets...
2020-08-25 10:14:25,924 -  INFO -  retrieving and replying to tweets...
2020-08-25 10:14:36,772 -  INFO -  retrieving and replying to tweets...
2020-08-25 10:14:47,653 -  INFO -  retrieving and replying to tweets...
2020-08-25 10:14:58,319 -  INFO -  retrieving and replying to tweets...
2020-08-25 10:15:09,413 -  INFO -  retrieving and replying to tweets...
2020-08-25 10:15:20,302 -  INFO -  retrieving and replying to tweets...
2020-08-25 10:15:21,018 -  INFO -  @imohdumair 1298119245394374656 - @offspicey #quoteme
2020-08-25 10:15:21,022 -  INFO -  found #quoteme!
2020-08-25 10:15:21,022 -  INFO -  responding a quote

2020-08-25 10:15:21,813 -  INFO -  quote sent successfully

2020-08-25 10:15:31,815 -  INFO -  retrieving and replying to tweets...
2020-08-25 10:15:42,743 -  INFO -  retrieving and replying to tweets...
2020-08-25 10:15:53,574 -  INFO -  retrieving and replying to tweets...
2020-08-25 10:16:04,806 -  INFO -  retrieving and replying to tweets...
2020-08-25 10:16:15,655 -  INFO -  retrieving and replying to tweets...
2020-08-25 10:16:26,529 -  INFO -  retrieving and replying to tweets...
2020-08-25 10:16:37,319 -  INFO -  retrieving and replying to tweets...
2020-08-25 10:16:47,976 -  INFO -  retrieving and replying to tweets...
2020-08-25 10:16:58,855 -  INFO -  retrieving and replying to tweets...
2020-08-25 10:17:09,729 -  INFO -  retrieving and replying to tweets...
2020-08-25 10:17:20,354 -  INFO -  retrieving and replying to tweets...
2020-08-25 10:17:31,019 -  INFO -  retrieving and replying to tweets...
2020-08-25 10:17:41,717 -  INFO -  retrieving and replying to tweets...
2020-08-25 10:17:52,613 -  INFO -  retrieving and replying to tweets...
2020-08-25 10:18:03,283 -  INFO -  retrieving and replying to tweets...
2020-08-25 10:18:14,647 -  INFO -  retrieving and replying to tweets...
2020-08-25 10:18:28,404 -  INFO -  retrieving and replying to tweets...
2020-08-25 10:18:39,209 -  INFO -  retrieving and replying to tweets...
2020-08-25 10:18:49,830 -  INFO -  retrieving and replying to tweets...
2020-08-25 10:19:00,452 -  INFO -  retrieving and replying to tweets...
2020-08-25 10:19:11,273 -  INFO -  retrieving and replying to tweets...
2020-08-25 10:19:22,092 -  INFO -  retrieving and replying to tweets...
2020-08-25 10:19:33,416 -  INFO -  retrieving and replying to tweets...
2020-08-25 10:19:44,128 -  INFO -  retrieving and replying to tweets...
2020-08-25 10:19:54,760 -  INFO -  retrieving and replying to tweets...
2020-08-25 10:20:05,410 -  INFO -  retrieving and replying to tweets...
2020-08-25 10:20:16,290 -  INFO -  retrieving and replying to tweets...
2020-08-25 10:20:27,167 -  INFO -  retrieving and replying to tweets...
2020-08-25 10:20:38,047 -  INFO -  retrieving and replying to tweets...
2020-08-25 10:20:48,929 -  INFO -  retrieving and replying to tweets...
2020-08-25 10:20:59,812 -  INFO -  retrieving and replying to tweets...
2020-08-25 10:21:13,535 -  INFO -  retrieving and replying to tweets...
2020-08-25 10:21:24,281 -  INFO -  retrieving and replying to tweets...
2020-08-25 10:21:35,010 -  INFO -  retrieving and replying to tweets...
2020-08-25 10:21:45,944 -  INFO -  retrieving and replying to tweets...
2020-08-25 10:21:56,772 -  INFO -  retrieving and replying to tweets...
2020-08-25 10:22:07,649 -  INFO -  retrieving and replying to tweets...
2020-08-25 10:22:18,277 -  INFO -  retrieving and replying to tweets...
2020-08-25 10:22:19,091 -  INFO -  @offspicey 1298120955210784768 - @offspicey #quoteme
2020-08-25 10:22:19,095 -  INFO -  found #quoteme!
2020-08-25 10:22:19,095 -  INFO -  responding a quote

2020-08-25 10:22:20,074 -  INFO -  quote sent successfully

2020-08-25 10:22:30,078 -  INFO -  retrieving and replying to tweets...
2020-08-25 10:22:30,981 -  INFO -  @offspicey 1298121002883272704 - @offspicey“This is a new day, a new beginning.” – Ahsoka Tano
2020-08-25 10:22:40,987 -  INFO -  retrieving and replying to tweets...
2020-08-25 10:22:52,579 -  INFO -  retrieving and replying to tweets...
2020-08-25 10:23:05,988 -  INFO -  retrieving and replying to tweets...
2020-08-25 10:23:16,815 -  INFO -  retrieving and replying to tweets...
2020-08-25 10:23:27,688 -  INFO -  retrieving and replying to tweets...
2020-08-25 10:23:38,526 -  INFO -  retrieving and replying to tweets...
2020-08-25 10:23:49,425 -  INFO -  retrieving and replying to tweets...
2020-08-25 10:24:00,102 -  INFO -  retrieving and replying to tweets...
2020-08-25 10:24:10,813 -  INFO -  retrieving and replying to tweets...
2020-08-25 10:24:23,976 -  INFO -  retrieving and replying to tweets...
2020-08-25 10:24:34,829 -  INFO -  retrieving and replying to tweets...
2020-08-25 10:24:46,077 -  INFO -  retrieving and replying to tweets...
2020-08-25 10:24:57,248 -  INFO -  retrieving and replying to tweets...
2020-08-25 10:25:08,133 -  INFO -  retrieving and replying to tweets...
2020-08-25 10:25:19,011 -  INFO -  retrieving and replying to tweets...
2020-08-25 10:25:29,891 -  INFO -  retrieving and replying to tweets...
2020-08-25 10:25:40,523 -  INFO -  retrieving and replying to tweets...
2020-08-25 10:25:51,329 -  INFO -  retrieving and replying to tweets...
2020-08-25 10:26:02,206 -  INFO -  retrieving and replying to tweets...
2020-08-25 10:26:12,914 -  INFO -  retrieving and replying to tweets...
2020-08-25 10:26:23,991 -  INFO -  retrieving and replying to tweets...
2020-08-25 10:26:34,849 -  INFO -  retrieving and replying to tweets...
